<?xml version="1.0" encoding="UTF-8"?>
<!-- Generated by org.testng.reporters.JUnitReportReporter -->
<testsuite skipped="0" hostname="ICare-Asif" name="com.cargurus.com.image.ImageCrossing" tests="1" failures="0" timestamp="20 Mar 2019 17:01:28 GMT" time="2.073" errors="0">
  <testcase name="testImg" time="2.073" classname="com.cargurus.com.image.ImageCrossing"/>
</testsuite> <!-- com.cargurus.com.image.ImageCrossing -->
