<?xml version="1.0" encoding="UTF-8"?>
<!-- Generated by org.testng.reporters.JUnitReportReporter -->
<testsuite skipped="0" hostname="ICare-Asif.lan1" name="com.cargurus.com.image.ImageCrossing" tests="1" failures="0" timestamp="20 Mar 2019 12:10:58 GMT" time="2.036" errors="0">
  <testcase name="testImg" time="2.036" classname="com.cargurus.com.image.ImageCrossing"/>
</testsuite> <!-- com.cargurus.com.image.ImageCrossing -->
